mode: set
github.com/MoonHack2077/parcial-so-put/main.go:15.13,18.16 2 0
github.com/MoonHack2077/parcial-so-put/main.go:18.16,20.3 1 0
github.com/MoonHack2077/parcial-so-put/main.go:23.2,36.70 7 0
github.com/MoonHack2077/parcial-so-put/main.go:36.70,38.3 1 0
github.com/MoonHack2077/parcial-so-put/main.go:41.2,42.16 2 0
github.com/MoonHack2077/parcial-so-put/main.go:42.16,44.3 1 0
github.com/MoonHack2077/parcial-so-put/main.go:46.2,47.50 2 0
github.com/MoonHack2077/parcial-so-put/config/db.go:15.19,19.18 3 0
github.com/MoonHack2077/parcial-so-put/config/db.go:19.18,22.3 2 0
github.com/MoonHack2077/parcial-so-put/config/db.go:22.8,25.3 2 0
github.com/MoonHack2077/parcial-so-put/config/db.go:27.2,33.16 5 0
github.com/MoonHack2077/parcial-so-put/config/db.go:33.16,34.13 1 0
github.com/MoonHack2077/parcial-so-put/config/db.go:37.2,38.40 2 0
github.com/MoonHack2077/parcial-so-put/config/db.go:41.53,43.2 1 0
github.com/MoonHack2077/parcial-so-put/repositories/tarea_repository.go:14.65,21.16 6 0
github.com/MoonHack2077/parcial-so-put/repositories/tarea_repository.go:21.16,24.3 2 0
github.com/MoonHack2077/parcial-so-put/repositories/tarea_repository.go:26.2,26.52 1 0
github.com/MoonHack2077/parcial-so-put/repositories/tarea_repository.go:29.51,36.16 5 0
github.com/MoonHack2077/parcial-so-put/repositories/tarea_repository.go:36.16,38.3 1 0
github.com/MoonHack2077/parcial-so-put/repositories/tarea_repository.go:39.2,42.23 3 0
github.com/MoonHack2077/parcial-so-put/repositories/tarea_repository.go:42.23,44.47 2 0
github.com/MoonHack2077/parcial-so-put/repositories/tarea_repository.go:44.47,46.4 1 0
github.com/MoonHack2077/parcial-so-put/repositories/tarea_repository.go:47.3,47.33 1 0
github.com/MoonHack2077/parcial-so-put/repositories/tarea_repository.go:50.2,50.20 1 0
github.com/MoonHack2077/parcial-so-put/repositories/tarea_repository.go:53.64,60.16 5 0
github.com/MoonHack2077/parcial-so-put/repositories/tarea_repository.go:60.16,62.3 1 0
github.com/MoonHack2077/parcial-so-put/repositories/tarea_repository.go:64.2,73.12 3 0
github.com/MoonHack2077/parcial-so-put/repositories/tarea_repository.go:76.37,83.16 5 0
github.com/MoonHack2077/parcial-so-put/repositories/tarea_repository.go:83.16,85.3 1 0
github.com/MoonHack2077/parcial-so-put/repositories/tarea_repository.go:87.2,88.12 2 0
github.com/MoonHack2077/parcial-so-put/controllers/tarea_controller.go:11.57,13.63 2 0
github.com/MoonHack2077/parcial-so-put/controllers/tarea_controller.go:13.63,16.3 2 0
github.com/MoonHack2077/parcial-so-put/controllers/tarea_controller.go:18.2,19.16 2 0
github.com/MoonHack2077/parcial-so-put/controllers/tarea_controller.go:19.16,22.3 2 0
github.com/MoonHack2077/parcial-so-put/controllers/tarea_controller.go:24.2,25.67 2 0
github.com/MoonHack2077/parcial-so-put/controllers/tarea_controller.go:28.60,30.16 2 0
github.com/MoonHack2077/parcial-so-put/controllers/tarea_controller.go:30.16,33.3 2 0
github.com/MoonHack2077/parcial-so-put/controllers/tarea_controller.go:35.2,36.35 2 0
github.com/MoonHack2077/parcial-so-put/controllers/tarea_controller.go:39.62,44.63 4 0
github.com/MoonHack2077/parcial-so-put/controllers/tarea_controller.go:44.63,47.3 2 0
github.com/MoonHack2077/parcial-so-put/controllers/tarea_controller.go:49.2,50.16 2 0
github.com/MoonHack2077/parcial-so-put/controllers/tarea_controller.go:50.16,53.3 2 0
github.com/MoonHack2077/parcial-so-put/controllers/tarea_controller.go:55.2,56.92 2 0
github.com/MoonHack2077/parcial-so-put/controllers/tarea_controller.go:59.60,64.16 4 0
github.com/MoonHack2077/parcial-so-put/controllers/tarea_controller.go:64.16,67.3 2 0
github.com/MoonHack2077/parcial-so-put/controllers/tarea_controller.go:69.2,70.90 2 0
github.com/MoonHack2077/parcial-so-put/services/tarea_service.go:10.65,12.2 1 1
github.com/MoonHack2077/parcial-so-put/services/tarea_service.go:14.46,16.2 1 1
github.com/MoonHack2077/parcial-so-put/services/tarea_service.go:18.59,20.2 1 1
github.com/MoonHack2077/parcial-so-put/services/tarea_service.go:22.37,24.2 1 1
